2023-05-20 20:27:26 DEBUG TelegramBot:30 - Я
2023-05-20 20:31:25 DEBUG TelegramBot:30 - В
2023-05-20 20:33:41 DEBUG TelegramBot:31 - Тест
2023-05-23 18:14:44 DEBUG TelegramBot:31 - A
2023-05-23 18:15:04 DEBUG TelegramBot:31 - F
2023-05-26 17:42:45 DEBUG TelegramBot:59 - Иест
2023-05-26 17:48:24 DEBUG TelegramBot:59 - A
2023-05-26 18:01:17 DEBUG TelegramBot:59 - Text
2023-05-26 18:15:42 DEBUG TelegramBot:59 - Z
2023-05-26 18:15:42 DEBUG TelegramBot:59 - S
2023-05-26 18:15:48 DEBUG TelegramBot:59 - Y
2023-05-26 18:49:06 DEBUG UpdateProducerImpl:13 - R
2023-05-26 18:49:13 DEBUG UpdateProducerImpl:13 - 
2023-05-26 18:49:27 DEBUG UpdateProducerImpl:13 - S
2023-05-26 19:07:59 DEBUG UpdateProducerImpl:13 - G
2023-05-26 19:08:05 DEBUG UpdateProducerImpl:13 - 
2023-05-29 14:28:44 DEBUG UpdateProducerImpl:13 - А
2023-05-29 20:17:55 DEBUG UpdateProducerImpl:23 - Hellow
2023-05-29 20:18:22 DEBUG UpdateProducerImpl:23 - test
2023-05-30 16:34:18 DEBUG UpdateProducerImpl:23 - test
2023-05-30 16:34:39 DEBUG UpdateProducerImpl:23 - nt
2023-05-30 16:35:50 DEBUG UpdateProducerImpl:23 - d
2023-05-30 16:35:52 DEBUG UpdateProducerImpl:23 - d
2023-05-30 16:35:52 DEBUG UpdateProducerImpl:23 - d
2023-05-30 16:35:52 DEBUG UpdateProducerImpl:23 - d
2023-05-30 16:36:21 DEBUG UpdateProducerImpl:23 - s
2023-05-30 16:37:58 DEBUG UpdateProducerImpl:23 - a
2023-05-30 16:37:58 DEBUG UpdateProducerImpl:23 - a
2023-05-30 16:37:58 DEBUG UpdateProducerImpl:23 - a
2023-05-30 16:37:59 DEBUG UpdateProducerImpl:23 - a
2023-05-30 16:38:08 DEBUG UpdateProducerImpl:23 - aa
2023-05-30 16:38:08 DEBUG UpdateProducerImpl:23 - .a
2023-05-30 16:38:08 DEBUG UpdateProducerImpl:23 - a
2023-05-30 16:38:09 DEBUG UpdateProducerImpl:23 - aa
2023-05-30 16:38:09 DEBUG UpdateProducerImpl:23 - a
2023-05-30 16:38:10 DEBUG UpdateProducerImpl:23 - s
2023-05-30 16:38:11 DEBUG UpdateProducerImpl:23 - 1
2023-05-30 16:38:11 DEBUG UpdateProducerImpl:23 - 2
2023-05-30 16:38:13 DEBUG UpdateProducerImpl:23 - a
2023-05-30 16:38:13 DEBUG UpdateProducerImpl:23 - a
2023-05-30 16:38:13 DEBUG UpdateProducerImpl:23 - a
2023-05-30 16:38:14 DEBUG UpdateProducerImpl:23 - a
2023-05-30 16:38:14 DEBUG UpdateProducerImpl:23 - a
2023-05-30 16:38:14 DEBUG UpdateProducerImpl:23 - a
2023-05-30 16:38:14 DEBUG UpdateProducerImpl:23 - a
2023-05-30 16:38:15 DEBUG UpdateProducerImpl:23 - a
2023-05-30 16:38:15 DEBUG UpdateProducerImpl:23 - a
2023-05-30 16:38:15 DEBUG UpdateProducerImpl:23 - a
2023-05-30 16:38:15 DEBUG UpdateProducerImpl:23 - a
2023-05-30 16:38:15 DEBUG UpdateProducerImpl:23 - a
2023-05-30 16:38:16 DEBUG UpdateProducerImpl:23 - a
2023-05-30 16:38:16 DEBUG UpdateProducerImpl:23 - a
2023-05-30 16:39:51 DEBUG UpdateProducerImpl:23 - a
2023-05-30 16:58:26 DEBUG UpdateProducerImpl:23 - r
2023-05-30 16:58:41 DEBUG UpdateProducerImpl:23 - Н
2023-05-30 17:08:51 DEBUG UpdateProducerImpl:23 - В
2023-05-30 17:08:57 DEBUG UpdateProducerImpl:23 - В
2023-05-30 17:10:30 DEBUG UpdateProducerImpl:23 - В
2023-05-30 17:11:26 DEBUG UpdateProducerImpl:23 - С
2023-05-30 17:11:49 DEBUG UpdateProducerImpl:23 - 
2023-05-30 17:15:09 DEBUG UpdateProducerImpl:23 - Л
2023-05-30 17:15:38 DEBUG UpdateProducerImpl:23 - Ш
2023-05-30 17:15:43 DEBUG UpdateProducerImpl:23 - Ш
2023-05-30 17:17:37 DEBUG UpdateProducerImpl:23 - Нп
2023-05-30 17:17:43 DEBUG UpdateProducerImpl:23 - 
2023-05-30 17:23:38 DEBUG UpdateProducerImpl:23 - А
2023-05-30 17:23:43 DEBUG UpdateProducerImpl:23 - В
2023-05-30 17:24:24 DEBUG UpdateProducerImpl:23 - П
2023-05-30 17:31:34 DEBUG UpdateProducerImpl:23 - Ш
2023-05-30 17:31:36 DEBUG UpdateProducerImpl:23 - Щ
2023-05-30 17:34:39 DEBUG UpdateProducerImpl:23 - Ш
2023-05-30 17:34:48 DEBUG UpdateProducerImpl:23 - Я
2023-05-30 17:59:27 DEBUG UpdateProducerImpl:23 - В
2023-05-30 17:59:29 DEBUG UpdateProducerImpl:23 - А
2023-05-30 18:06:12 DEBUG UpdateProducerImpl:23 - А
2023-05-30 18:14:33 DEBUG UpdateProducerImpl:23 - Ч
2023-05-30 18:34:47 DEBUG UpdateProducerImpl:23 - Ч
2023-05-30 18:34:50 DEBUG UpdateProducerImpl:23 - С
2023-05-30 18:37:57 DEBUG UpdateProducerImpl:21 - В
2023-05-30 18:41:32 DEBUG UpdateProducerImpl:21 - Ч
2023-05-30 18:41:37 DEBUG UpdateProducerImpl:21 - П
2023-05-30 18:55:44 DEBUG UpdateProducerImpl:20 - Ч
